<?xml version="1.0" encoding="UTF-8"?>
<!-- Generated by org.testng.reporters.JUnitXMLReporter -->
<testsuite hostname="LAPTOP-1HTUTEUR" ignored="0" name="Functional Testing3" tests="5" failures="5" timestamp="17 Jun 2021 11:29:32 GMT" time="57.843" errors="0">
  <testcase name="Search" time="9.179" classname="com.qa.tests.amazonSearch">
    <failure type="java.lang.AssertionError" message="expected [true] but found [false]">
      <![CDATA[java.lang.AssertionError: expected [true] but found [false]
at com.qa.tests.amazonSearch.Search(amazonSearch.java:41)
... Removed 29 stack frames]]>
    </failure>
  </testcase> <!-- Search -->
  <testcase name="Search" time="8.136" classname="com.qa.tests.amazonSearch">
    <failure type="java.lang.AssertionError" message="expected [true] but found [false]">
      <![CDATA[java.lang.AssertionError: expected [true] but found [false]
at com.qa.tests.amazonSearch.Search(amazonSearch.java:41)
... Removed 29 stack frames]]>
    </failure>
  </testcase> <!-- Search -->
  <testcase name="Search" time="7.537" classname="com.qa.tests.amazonSearch">
    <failure type="java.lang.AssertionError" message="expected [true] but found [false]">
      <![CDATA[java.lang.AssertionError: expected [true] but found [false]
at com.qa.tests.amazonSearch.Search(amazonSearch.java:41)
... Removed 29 stack frames]]>
    </failure>
  </testcase> <!-- Search -->
  <testcase name="Search" time="6.007" classname="com.qa.tests.amazonSearch">
    <failure type="java.lang.AssertionError" message="expected [true] but found [false]">
      <![CDATA[java.lang.AssertionError: expected [true] but found [false]
at com.qa.tests.amazonSearch.Search(amazonSearch.java:41)
... Removed 29 stack frames]]>
    </failure>
  </testcase> <!-- Search -->
  <testcase name="Search" time="7.254" classname="com.qa.tests.amazonSearch">
    <failure type="java.lang.AssertionError" message="expected [true] but found [false]">
      <![CDATA[java.lang.AssertionError: expected [true] but found [false]
at com.qa.tests.amazonSearch.Search(amazonSearch.java:41)
... Removed 29 stack frames]]>
    </failure>
  </testcase> <!-- Search -->
</testsuite> <!-- Functional Testing3 -->
